<?xml version="1.0" encoding="UTF-8"?>
<testsuites name="TS-3" time="12.661" tests="2" failures="0" errors="0">
   <testsuite name="TS-3" tests="2" failures="0" errors="0" time="12.661" skipped="0" timestamp="11-03-2025T11:22:19" hostname="PurbitaGhosh - DESKTOP-4AU99FE" id="Test Suites/TS-3">
      <properties>
         <property name="deviceName" value=""/>
         <property name="devicePlatform"/>
         <property name="logFolder" value="C:\\Users\\AVTNN6744\\git\\katalon-pdea-pg\\Reports\\20250311_112211\\TS-3\\20250311_112211"/>
         <property name="logFiles" value="C:\\Users\\AVTNN6744\\git\\katalon-pdea-pg\\Reports\\20250311_112211\\TS-3\\20250311_112211\\execution0.log"/>
         <property name="attachments" value=""/>
         <property name="hostName" value="PurbitaGhosh - DESKTOP-4AU99FE"/>
         <property name="os" value="Windows 11 64bit"/>
         <property name="katalonVersion" value="10.1.0.223"/>
         <property name="browser" value="Chrome 133.0.6943.142"/>
         <property name="hostAddress" value="192.168.0.101"/>
         <property name="sessionId" value="351022aa8918dbda68417544fcca2e51"/>
         <property name="seleniumVersion" value="4.22.0"/>
         <property name="proxyInformation" value="ProxyInformation { proxyOption=NO_PROXY, proxyServerType=HTTP, username=, password=********, proxyServerAddress=, proxyServerPort=0, executionList=&quot;&quot;, isApplyToDesiredCapabilities=true }"/>
         <property name="platform" value="Windows 11"/>
      </properties>
      <testcase name="Test Cases/Login/TC-1" time="6.634" classname="Test Cases/Login/TC-1" status="PASSED">
         <system-out><![CDATA[11-03-2025T11:22:19 - [TEST_CASE][PASSED] - Test Cases/Login/TC-1: Test Cases/Login/TC-1

11-03-2025T11:22:20 - [TEST_STEP][PASSED] - openBrowser("https://katalon-demo-cura.herokuapp.com/"): Browser is opened with url: 'https://katalon-demo-cura.herokuapp.com/'

11-03-2025T11:22:20 - [MESSAGE][INFO] - Starting 'Chrome' driver

11-03-2025T11:22:20 - [MESSAGE][INFO] - Action delay is set to 0 milliseconds

11-03-2025T11:22:26 - [MESSAGE][PASSED] - Browser is opened with url: 'https://katalon-demo-cura.herokuapp.com/'

11-03-2025T11:22:26 - [TEST_STEP][PASSED] - closeBrowser(): Browser is closed

11-03-2025T11:22:26 - [MESSAGE][PASSED] - Browser is closed]]></system-out>
         <system-err><![CDATA[]]></system-err>
      </testcase>
      <testcase name="Test Cases/FrontPage2/PDEA_Katalon_TC9" time="5.802" classname="Test Cases/FrontPage2/PDEA_Katalon_TC9" status="PASSED">
         <system-out><![CDATA[11-03-2025T11:22:26 - [TEST_CASE][PASSED] - Test Cases/FrontPage2/PDEA_Katalon_TC9: Test Cases/FrontPage2/PDEA_Katalon_TC9

11-03-2025T11:22:26 - [TEST_STEP][PASSED] - openBrowser("https://katalon-demo-cura.herokuapp.com/"): Browser is opened with url: 'https://katalon-demo-cura.herokuapp.com/'

11-03-2025T11:22:26 - [MESSAGE][INFO] - Starting 'Chrome' driver

11-03-2025T11:22:26 - [MESSAGE][INFO] - Action delay is set to 0 milliseconds

11-03-2025T11:22:30 - [MESSAGE][PASSED] - Browser is opened with url: 'https://katalon-demo-cura.herokuapp.com/'

11-03-2025T11:22:30 - [TEST_STEP][PASSED] - click(findTestObject("Page_CuraHomepage/btn_MakeAppointment")): Object: 'Object Repository/Page_CuraHomepage/btn_MakeAppointment' is clicked on

11-03-2025T11:22:30 - [MESSAGE][PASSED] - Object: 'Object Repository/Page_CuraHomepage/btn_MakeAppointment' is clicked on

11-03-2025T11:22:30 - [TEST_STEP][PASSED] - setText(findTestObject("Page_Login/txt_UserName"), "Username"): Text 'Username' is set on object 'Object Repository/Page_Login/txt_UserName'

11-03-2025T11:22:31 - [MESSAGE][PASSED] - Text 'Username' is set on object 'Object Repository/Page_Login/txt_UserName'

11-03-2025T11:22:31 - [TEST_STEP][PASSED] - setText(findTestObject("Page_Login/txt_Password"), "Password"): Text 'Password' is set on object 'Object Repository/Page_Login/txt_Password'

11-03-2025T11:22:32 - [MESSAGE][PASSED] - Text 'Password' is set on object 'Object Repository/Page_Login/txt_Password'

11-03-2025T11:22:32 - [TEST_STEP][PASSED] - closeBrowser(): Browser is closed

11-03-2025T11:22:32 - [MESSAGE][PASSED] - Browser is closed]]></system-out>
         <system-err><![CDATA[]]></system-err>
      </testcase>
      <system-out><![CDATA[11-03-2025T11:22:19 - [TEST_SUITE][PASSED] - TS-3: Test Cases/FrontPage2/PDEA_Katalon_TC9]]></system-out>
      <system-err><![CDATA[]]></system-err>
   </testsuite>
</testsuites>
